
ASEM-51 V1.3                                         Copyright (c) 2002 by W.W. Heinz                                         PAGE 1





       MCS-51 Family Macro Assembler   A S E M - 5 1   V 1.3
       =====================================================



	Source File:	D:\ZIAR\KULIAH\SEMESTER 5\Sistem Mikroprosessor\.praktikum\UTS\Keypad.asm
	Object File:	D:\ZIAR\KULIAH\SEMESTER 5\Sistem Mikroprosessor\.praktikum\UTS\Keypad.hex
	List File:	D:\ZIAR\KULIAH\SEMESTER 5\Sistem Mikroprosessor\.praktikum\UTS\Keypad.lst



 Line  I  Addr  Code            Source

    1:		N      0000	org 0h
    2:
    3:	  0000			mulai:
    4:	  0000	75 A0 FE	mov  P2,#0FEh
    5:	  0003	20 B4 3C	jb   P3.4,Enam
    6:	  0006	75 80 B0	mov  P0,#0B0h
    7:	  0009	80 F5		sjmp mulai
    8:
    9:	  000B			Nol:
   10:	  000B	75 A0 FD	mov  P2,#0FDh
   11:	  000E	20 B7 52	jb   P3.7,Sepuluh
   12:	  0011	75 80 C0	mov  P0,#0C0h
   13:	  0014	80 EA		sjmp mulai
   14:
   15:	  0016			Satu:
   16:	  0016	75 A0 FB	mov  P2,#0FBh
   17:	  0019	20 B5 10	jb   P3.5,Empat
   18:	  001C	75 80 99	mov  P0,#099h
   19:	  001F	80 DF		sjmp mulai
   20:
   21:	  0021			Dua:
   22:	  0021	75 A0 FD	mov  P2,#0FDh
   23:	  0024	20 B4 10	jb   P3.4,Lima
   24:	  0027	75 80 A4	mov  P0,#0A4h
   25:	  002A	80 D4		sjmp mulai
   26:
   27:	  002C			Empat:
   28:	  002C	75 A0 FB	mov  P2,#0FBh
   29:	  002F	20 B6 3C	jb   P3.6,SEN
   30:	  0032	75 80 F8	mov  P0,#0F8h
   31:	  0035	80 C9		sjmp mulai
   32:
   33:	  0037			Lima:
   34:	  0037	75 A0 FD	mov  P2,#0FDh
   35:	  003A	20 B5 10	jb   P3.5,Delapan
   36:	  003D	75 80 92	mov  P0,#092h
   37:	  0040	80 BE		sjmp mulai
   38:
   39:	  0042			Enam:
   40:	  0042	75 A0 FE	mov  P2,#0FEh
   41:	  0045	20 B5 10	jb   P3.5,Sembilan
   42:	  0048	75 80 82	mov  P0,#082h
   43:	  004B	80 B3		sjmp mulai

ASEM-51 V1.3                                         Copyright (c) 2002 by W.W. Heinz                                         PAGE 2



 Line  I  Addr  Code            Source

   44:
   45:	  004D			Delapan:
   46:	  004D	75 A0 FD	mov  P2,#0FDh
   47:	  0050	20 B6 B8	jb   P3.6,Nol
   48:	  0053	75 80 80	mov  P0,#080h
   49:	  0056	80 A8		sjmp mulai
   50:
   51:	  0058			Sembilan:
   52:	  0058	75 A0 FE	mov  P2,#0FEh
   53:	  005B	20 B6 C3	jb   P3.6,Dua
   54:	  005E	75 80 90	mov  P0,#090h
   55:	  0061	80 9D		sjmp mulai
   56:
   57:	  0063			Sepuluh:
   58:	  0063	75 A0 FB	mov  P2,#0FBh
   59:	  0066	20 B4 AD	jb   P3.4,Satu
   60:	  0069	75 80 F9	mov  P0,#0F9h
   61:	  006C	80 92		sjmp mulai
   62:
   63:
   64:	  006E			SEN:
   65:	  006E	20 B7 05	jb P3.7, Bintang
   66:	  0071	75 80 8E	mov P0,#08Eh
   67:	  0074	80 8A		sjmp mulai
   68:
   69:	  0076			Bintang:
   70:	  0076	75 80 BF	mov P0,#0BFh
   71:	  0079	80 85		sjmp mulai
   72:
   73:				end





                     register banks used:  ---

                     no errors




ASEM-51 V1.3                                         Copyright (c) 2002 by W.W. Heinz                                         PAGE 3





	       L I S T   O F   S Y M B O L S
	       =============================


SYMBOL				  TYPE     VALUE	LINE
------------------------------------------------------------
??ASEM_51			  NUMBER    8051
??VERSION			  NUMBER    0130
AC				  BIT	      D6
ACC				  DATA	      E0
B				  DATA	      F0
BINTANG				  CODE	    0076	  69
CY				  BIT	      D7
DELAPAN				  CODE	    004D	  45
DPH				  DATA	      83
DPL				  DATA	      82
DUA				  CODE	    0021	  21
EA				  BIT	      AF
EMPAT				  CODE	    002C	  27
ENAM				  CODE	    0042	  39
ES				  BIT	      AC
ET0				  BIT	      A9
ET1				  BIT	      AB
EX0				  BIT	      A8
EX1				  BIT	      AA
EXTI0				  CODE	    0003
EXTI1				  CODE	    0013
F0				  BIT	      D5
IE				  DATA	      A8
IE0				  BIT	      89
IE1				  BIT	      8B
INT0				  BIT	      B2
INT1				  BIT	      B3
IP				  DATA	      B8
IT0				  BIT	      88
IT1				  BIT	      8A
LIMA				  CODE	    0037	  33
MULAI				  CODE	    0000	   3
NOL				  CODE	    000B	   9
OV				  BIT	      D2
P				  BIT	      D0
P0				  DATA	      80
P1				  DATA	      90
P2				  DATA	      A0
P3				  DATA	      B0
PCON				  DATA	      87
PS				  BIT	      BC
PSW				  DATA	      D0
PT0				  BIT	      B9
PT1				  BIT	      BB
PX0				  BIT	      B8
PX1				  BIT	      BA
RB8				  BIT	      9A
RD				  BIT	      B7
REN				  BIT	      9C
RESET				  CODE	    0000

ASEM-51 V1.3                                         Copyright (c) 2002 by W.W. Heinz                                         PAGE 4



SYMBOL				  TYPE     VALUE	LINE
------------------------------------------------------------
RI				  BIT	      98
RS0				  BIT	      D3
RS1				  BIT	      D4
RXD				  BIT	      B0
SATU				  CODE	    0016	  15
SBUF				  DATA	      99
SCON				  DATA	      98
SEMBILAN			  CODE	    0058	  51
SEN				  CODE	    006E	  64
SEPULUH				  CODE	    0063	  57
SINT				  CODE	    0023
SM0				  BIT	      9F
SM1				  BIT	      9E
SM2				  BIT	      9D
SP				  DATA	      81
T0				  BIT	      B4
T1				  BIT	      B5
TB8				  BIT	      9B
TCON				  DATA	      88
TF0				  BIT	      8D
TF1				  BIT	      8F
TH0				  DATA	      8C
TH1				  DATA	      8D
TI				  BIT	      99
TIMER0				  CODE	    000B
TIMER1				  CODE	    001B
TL0				  DATA	      8A
TL1				  DATA	      8B
TMOD				  DATA	      89
TR0				  BIT	      8C
TR1				  BIT	      8E
TXD				  BIT	      B1
WR				  BIT	      B6
